ERROR - 2021-12-19 02:44:56 --> Error connecting to the database: No connection could be made because the target machine actively refused it
CRITICAL - 2021-12-19 02:44:56 --> Unable to connect to the database.
Main connection [MySQLi]: No connection could be made because the target machine actively refused it
#0 D:\xampp\htdocs\onlineshop\system\Database\BaseConnection.php(577): CodeIgniter\Database\BaseConnection->initialize()
#1 D:\xampp\htdocs\onlineshop\app\Models\m_store.php(14): CodeIgniter\Database\BaseConnection->query('SELECT * FROM p...')
#2 D:\xampp\htdocs\onlineshop\app\Controllers\Home.php(15): App\Models\M_Store->selectAll()
#3 D:\xampp\htdocs\onlineshop\system\CodeIgniter.php(824): App\Controllers\Home->index()
#4 D:\xampp\htdocs\onlineshop\system\CodeIgniter.php(410): CodeIgniter\CodeIgniter->runController(Object(App\Controllers\Home))
#5 D:\xampp\htdocs\onlineshop\system\CodeIgniter.php(318): CodeIgniter\CodeIgniter->handleRequest(NULL, Object(Config\Cache), false)
#6 D:\xampp\htdocs\onlineshop\public\index.php(37): CodeIgniter\CodeIgniter->run()
#7 D:\xampp\htdocs\onlineshop\system\Commands\Server\rewrite.php(43): require_once('D:\\xampp\\htdocs...')
#8 {main}
ERROR - 2021-12-19 02:45:04 --> Error connecting to the database: No connection could be made because the target machine actively refused it
CRITICAL - 2021-12-19 02:45:04 --> Unable to connect to the database.
Main connection [MySQLi]: No connection could be made because the target machine actively refused it
#0 D:\xampp\htdocs\onlineshop\system\Database\BaseConnection.php(577): CodeIgniter\Database\BaseConnection->initialize()
#1 D:\xampp\htdocs\onlineshop\app\Models\m_store.php(14): CodeIgniter\Database\BaseConnection->query('SELECT * FROM p...')
#2 D:\xampp\htdocs\onlineshop\app\Controllers\Home.php(15): App\Models\M_Store->selectAll()
#3 D:\xampp\htdocs\onlineshop\system\CodeIgniter.php(824): App\Controllers\Home->index()
#4 D:\xampp\htdocs\onlineshop\system\CodeIgniter.php(410): CodeIgniter\CodeIgniter->runController(Object(App\Controllers\Home))
#5 D:\xampp\htdocs\onlineshop\system\CodeIgniter.php(318): CodeIgniter\CodeIgniter->handleRequest(NULL, Object(Config\Cache), false)
#6 D:\xampp\htdocs\onlineshop\public\index.php(37): CodeIgniter\CodeIgniter->run()
#7 D:\xampp\htdocs\onlineshop\system\Commands\Server\rewrite.php(43): require_once('D:\\xampp\\htdocs...')
#8 {main}
CRITICAL - 2021-12-19 03:12:38 --> Undefined variable $session
#0 D:\xampp\htdocs\onlineshop\app\Views\v_cart.php(47): CodeIgniter\Debug\Exceptions->errorHandler(2, 'Undefined varia...', 'D:\\xampp\\htdocs...', 47)
#1 D:\xampp\htdocs\onlineshop\system\View\View.php(214): include('D:\\xampp\\htdocs...')
#2 D:\xampp\htdocs\onlineshop\system\View\View.php(217): CodeIgniter\View\View->CodeIgniter\View\{closure}()
#3 D:\xampp\htdocs\onlineshop\system\Common.php(1097): CodeIgniter\View\View->render('v_cart', Array, true)
#4 D:\xampp\htdocs\onlineshop\app\Controllers\c_tampil.php(36): view('v_cart')
#5 D:\xampp\htdocs\onlineshop\system\CodeIgniter.php(824): App\Controllers\c_tampil->v_cart()
#6 D:\xampp\htdocs\onlineshop\system\CodeIgniter.php(410): CodeIgniter\CodeIgniter->runController(Object(App\Controllers\c_tampil))
#7 D:\xampp\htdocs\onlineshop\system\CodeIgniter.php(318): CodeIgniter\CodeIgniter->handleRequest(NULL, Object(Config\Cache), false)
#8 D:\xampp\htdocs\onlineshop\public\index.php(37): CodeIgniter\CodeIgniter->run()
#9 D:\xampp\htdocs\onlineshop\system\Commands\Server\rewrite.php(43): require_once('D:\\xampp\\htdocs...')
#10 {main}
